
00:00:00 ================================================================================
00:00:00  STARTING...
00:00:00 ================================================================================
00:00:00 Starting execution as:
00:00:00 C:\Program Files\nextnano\2020_04_14\nextnano++\bin 64bit\nextnano++_Intel_64bit.exe --license C:\Users\kswillic\Documents\nextnano\License\License_nnp.lic --database C:\Program Files\nextnano\2020_04_14\nextnano++\Syntax\database_nnp.in --threads 4 --outputdirectory C:\Users\kswillic\Documents\nextnano\Output\5_QDs_V2_0.4_V4_0.26 --noautooutdir C:\Users\kswillic\AppData\Local\Temp\5_QDs_V2_0.4_V4_0.26.in 
00:00:00 
00:00:00 nextnano++ (1.6.24 - 2020.031001) Apr  9 2020
00:00:00 =============================================================================
00:00:00 COPYRIGHT NOTICE                                                             
00:00:00 =============================================================================
00:00:00 Please read the file 'copyright_nextnano++.txt' in your installation folder  
00:00:00 for further information about the terms of copyright of the nextnano++ code  
00:00:00 and of third party source codes and libraries used in the nextnano++ code.   
00:00:00                                                                              
00:00:00 In case this file is missing or seems incomplete or corrupted, please contact
00:00:00 nextnano GmbH, Germany by submitting a support request on www.nextnano.de or 
00:00:00 by sending an email to support@nextnano.com in order to receive a new copy.  
00:00:00                                                                              
00:00:00 ANY USE OF THE NEXTNANO++ CODE CONSTITUTES ACCEPTANCE OF THE TERMS OF THE    
00:00:00 COPYRIGHT NOTICE.                                                            
00:00:00 =============================================================================
00:00:00 
00:00:00 
00:00:00 =============================================================================
00:00:00  PROCESSING FILE: C:\Users\kswillic\AppData\Local\Temp\5_QDs_V2_0.4_V4_0.26.in
00:00:00 =============================================================================
00:00:00 
00:00:00 Start time: Wed 2022-06-29, 16:06:47 (-0400)
00:00:00 
00:00:00 Process uses 4 of 4 available OpenMP threads.
00:00:00 
00:00:00 Preparing input validator...
00:00:00 Reading input file (C:\Users\kswillic\AppData\Local\Temp\5_QDs_V2_0.4_V4_0.26.in)...
00:00:00 
00:00:00 WARNING: Using database specified in command line.
00:00:00 
00:00:00 Preparing database validator...
00:00:00 Reading database file (C:\Program Files\nextnano\2020_04_14\nextnano++\Syntax\database_nnp.in)...
00:00:00 
00:00:00 	 Valid From: 2022-2-11 To: 2023-2-21
00:00:00 	 Licensed to: E-mail: zbig.wasilewski@uwaterloo.ca-2023-02-21-ca-0139-06-qw6t
00:00:00 
00:00:00 ********* SETUP SIMULATION *****************************************************
00:00:00 
00:00:00 ********* Simulation Grid *********
00:00:00 
00:00:00 Creating grid 1 using:
00:00:00     pos = -160     	spacing = 4
00:00:00     pos = -145     	spacing = 4
00:00:00     pos = -141     	spacing = 2
00:00:00     pos = 139     	spacing = 2
00:00:00     pos = 141     	spacing = 4
00:00:00     pos = 160     	spacing = 4
00:00:00 
00:00:00 Creating grid 2 using:
00:00:00     pos = -70     	spacing = 4
00:00:00     pos = -25     	spacing = 4
00:00:00     pos = -21     	spacing = 2
00:00:00     pos = 19     	spacing = 2
00:00:00     pos = 21     	spacing = 4
00:00:00     pos = 120     	spacing = 4
00:00:00 
00:00:00 Creating grid 3 using:
00:00:00     pos = -70     	spacing = 10
00:00:00     pos = -30     	spacing = 10
00:00:00     pos = -20     	spacing = 2
00:00:00     pos = 25     	spacing = 2
00:00:00     pos = 27     	spacing = 5
00:00:00     pos = 85     	spacing = 5
00:00:00 
00:00:00 Grid dimension: 152 * 59 * 42 = 
00:00:00 Number of unique grid points: 376656
00:00:00 
00:00:00 
00:00:00 ********* Rotation Matrix *********
00:00:00  1.0000000,  0.0000000,  0.0000000
00:00:00  0.0000000,  1.0000000,  0.0000000
00:00:00  0.0000000,  0.0000000,  1.0000000
00:00:00 
00:00:00 ********* Periodicity *************
00:00:00  0-direction:  not periodic
00:00:00  1-direction:  not periodic
00:00:00  2-direction:  not periodic
00:00:00 Start initializing structure.
00:00:00 Finished initializing structure.
00:00:00 Structure initialization time: 0.174[s]
00:00:00 
00:00:00 NOTE: Electron minimum density is 1e+10 cm^-3.
00:00:00 
00:00:00 NOTE: Hole minimum density is 1e+10 cm^-3.
00:00:00 
00:00:00 NOTE: Electron maximum density is 1e+30 cm^-3.
00:00:00 
00:00:00 NOTE: Hole maximum density is 1e+30 cm^-3.
00:00:00 
00:00:00 ***** Quantum Subgrid ******     
00:00:00 Gridsize: 
00:00:00 Grid dimension: 152 * 59 * 11 = 
00:00:00 Number of unique grid points: 98648
00:00:00 
00:00:00 
00:00:00 ********* STRUCTURE OUTPUT *****************************************************
00:00:01 
00:00:01 ********* START CALCULATION ****************************************************
00:00:01 
00:00:01 Determine dirichlet points from contacts...
00:00:02 Intrinsic charge time: 1.357[s]
00:00:02 
00:00:02 Discretizing Poisson equation...
00:00:03 
00:00:03 
00:00:03 ========= STARTING CALCULATION FOR BIAS POINT ==================================
00:00:03 V3 0.2 V   V2 0.4 V   V4 0.26 V   V5 0.1 V   V1 0.1 V   Si 0 V   
00:00:03 
00:00:03 Determine Fermi level dirichlet values in contacts...
00:00:03 Initialize Fermi levels...
00:00:03     cg started:   1.000000000000000E-013  1.000000000000000E-030        1000
00:00:03        initial error:   0.422715717050980     
00:00:04     cg matmuls:          117
00:00:04     cg residual (rel,abs):   9.599910629982580E-014  4.058033105578413E-014
00:00:04 Fermi level initialization time: 1.442[s]
00:00:04 Initialize contacts as charge neutral...
00:00:04 Determine potential Dirichlet values in Schottky and ohmic contacts...
00:00:04 Update contact discretization in Poisson equation...
00:00:04 
00:00:04 Initialize electrostatic potential...
00:00:13 Charge Neutrality time: 9.099[s]
00:00:13 
00:00:13 Solving nonlinear Poisson equation...
00:00:14   Newton step: 1	4632.692656242028
00:00:19   Newton step: 2	2316.366635864194
00:00:21   Newton step: 3	67.24640283917178
00:00:23   Newton step: 4	23.19610893414114
00:00:24   Newton step: 5	7.313882526884869
00:00:26   Newton step: 6	1.737778830333934
00:00:28   Newton step: 7	0.1879087404626134
00:00:29   Newton step: 8	0.003014064915499519
00:00:31   Newton achieved/desired residual: 9.63395784e-07 0.00180951265
00:00:31 
00:00:31 ********* OUTPUT ***************************************************************
00:00:35 
00:00:35 ********* FINISHED CALCULATION *************************************************
00:00:35 
00:00:35 End time: Wed 2022-06-29, 16:07:23 (-0400)
00:00:35 Total Poisson Solver Time: 26.688[s]
00:00:35 Simulator Run Time: 35.815[s]
00:00:35 
00:00:35 ================================================================================
00:00:35  DONE.
00:00:35 ================================================================================
